{
  "RSpec": {
    "coverage": {
      "/data/map_reduced_workspace/JOB_TASKS/foreto_com_partners/passage/lib/passage.rb": {
        "lines": [
          null,
          null,
          1,
          1,
          1,
          1,
          1,
          null,
          1,
          null,
          null,
          1,
          1,
          1,
          null,
          1,
          6,
          2,
          null,
          null
        ]
      },
      "/data/map_reduced_workspace/JOB_TASKS/foreto_com_partners/passage/lib/passage/message.rb": {
        "lines": [
          null,
          null,
          null,
          1,
          null,
          1,
          1,
          1,
          3,
          null,
          null,
          1,
          1,
          null,
          null,
          null,
          null,
          null,
          1,
          1,
          1,
          1,
          null,
          null,
          1,
          3,
          null,
          null,
          1,
          1,
          null,
          null,
          1,
          1,
          null,
          null,
          null,
          null
        ]
      },
      "/data/map_reduced_workspace/JOB_TASKS/foreto_com_partners/passage/lib/passage/point.rb": {
        "lines": [
          null,
          null,
          null,
          1,
          1,
          null,
          1,
          47,
          47,
          null,
          null,
          1,
          10,
          29,
          3,
          null,
          null,
          1,
          90,
          90,
          90,
          null,
          null,
          null,
          1,
          null,
          1,
          90,
          90,
          null,
          null
        ]
      },
      "/data/map_reduced_workspace/JOB_TASKS/foreto_com_partners/passage/lib/passage/transmitter.rb": {
        "lines": [
          null,
          null,
          null,
          1,
          1,
          null,
          1,
          38,
          38,
          null,
          null,
          1,
          54,
          null,
          null
        ]
      },
      "/data/map_reduced_workspace/JOB_TASKS/foreto_com_partners/passage/lib/passage/polygon.rb": {
        "lines": [
          null,
          null,
          null,
          1,
          1,
          1,
          null,
          1,
          6,
          6,
          6,
          null,
          null,
          1,
          4,
          7,
          null,
          2,
          null,
          null,
          1,
          null,
          1,
          6,
          6,
          6,
          null,
          null,
          1,
          22,
          52,
          16,
          16,
          null,
          null,
          null,
          null
        ]
      },
      "/data/map_reduced_workspace/JOB_TASKS/foreto_com_partners/passage/lib/passage/mapper_helper.rb": {
        "lines": [
          null,
          null,
          null,
          1,
          1,
          2,
          2,
          2,
          4,
          4,
          null,
          2,
          null,
          2,
          null,
          null,
          1,
          0,
          null,
          null
        ]
      },
      "/data/map_reduced_workspace/JOB_TASKS/foreto_com_partners/passage/lib/cli_runner.rb": {
        "lines": [
          null,
          null,
          1,
          null,
          null,
          1,
          1,
          null,
          null,
          null,
          null,
          null,
          1,
          0,
          0,
          0,
          null,
          null,
          1,
          0,
          0,
          0,
          0,
          null,
          null,
          1,
          0,
          0,
          0,
          null,
          null,
          1,
          0,
          null,
          null,
          1,
          null,
          1,
          0,
          null,
          null,
          1,
          0,
          0,
          null,
          null,
          1,
          0,
          null,
          null,
          1,
          0,
          0,
          0,
          0,
          0,
          null,
          null,
          1,
          0,
          0,
          0,
          null,
          null,
          null
        ]
      }
    },
    "timestamp": 1601471651
  }
}
