<?xml version='1.0'?> 
<!DOCTYPE coverage SYSTEM "http://cobertura.sourceforge.net/xml/coverage-04.dtd">
<!-- Generated by simplecov-cobertura version 1.4.1 (https://github.com/dashingrocket/simplecov-cobertura) -->
<coverage line-rate="0.88" branch-rate="0" lines-covered="184" lines-valid="210" branches-covered="0" branches-valid="0" complexity="0" version="0" timestamp="1601423915">
  <sources>
    <source>/data/map_reduced_workspace/JOB_TASKS/foreto_com_partners/passage</source>
  </sources>
  <packages>
    <package name="passage" line-rate="0.88" branch-rate="0" complexity="0">
      <classes>
        <class name="cli_runner" filename="lib/cli_runner.rb" line-rate="0.36" branch-rate="0" complexity="0">
          <methods/>
          <lines>
            <line number="3" branch="false" hits="1"/>
            <line number="6" branch="false" hits="1"/>
            <line number="7" branch="false" hits="1"/>
            <line number="13" branch="false" hits="1"/>
            <line number="14" branch="false" hits="0"/>
            <line number="15" branch="false" hits="0"/>
            <line number="16" branch="false" hits="0"/>
            <line number="19" branch="false" hits="1"/>
            <line number="20" branch="false" hits="0"/>
            <line number="21" branch="false" hits="0"/>
            <line number="22" branch="false" hits="0"/>
            <line number="23" branch="false" hits="0"/>
            <line number="26" branch="false" hits="1"/>
            <line number="27" branch="false" hits="0"/>
            <line number="28" branch="false" hits="0"/>
            <line number="29" branch="false" hits="0"/>
            <line number="32" branch="false" hits="1"/>
            <line number="33" branch="false" hits="0"/>
            <line number="36" branch="false" hits="1"/>
            <line number="38" branch="false" hits="1"/>
            <line number="39" branch="false" hits="0"/>
            <line number="42" branch="false" hits="1"/>
            <line number="43" branch="false" hits="0"/>
            <line number="44" branch="false" hits="0"/>
            <line number="47" branch="false" hits="1"/>
            <line number="48" branch="false" hits="0"/>
            <line number="51" branch="false" hits="1"/>
            <line number="52" branch="false" hits="0"/>
            <line number="53" branch="false" hits="0"/>
            <line number="54" branch="false" hits="0"/>
            <line number="55" branch="false" hits="0"/>
            <line number="56" branch="false" hits="0"/>
            <line number="59" branch="false" hits="1"/>
            <line number="60" branch="false" hits="0"/>
            <line number="61" branch="false" hits="0"/>
            <line number="62" branch="false" hits="0"/>
          </lines>
        </class>
        <class name="passage" filename="lib/passage.rb" line-rate="1.0" branch-rate="0" complexity="0">
          <methods/>
          <lines>
            <line number="3" branch="false" hits="1"/>
            <line number="4" branch="false" hits="1"/>
            <line number="5" branch="false" hits="1"/>
            <line number="6" branch="false" hits="1"/>
            <line number="7" branch="false" hits="1"/>
            <line number="9" branch="false" hits="1"/>
            <line number="12" branch="false" hits="1"/>
            <line number="13" branch="false" hits="1"/>
            <line number="14" branch="false" hits="1"/>
            <line number="16" branch="false" hits="1"/>
            <line number="17" branch="false" hits="3"/>
            <line number="18" branch="false" hits="1"/>
          </lines>
        </class>
        <class name="mapper_helper" filename="lib/passage/mapper_helper.rb" line-rate="0.91" branch-rate="0" complexity="0">
          <methods/>
          <lines>
            <line number="4" branch="false" hits="1"/>
            <line number="5" branch="false" hits="1"/>
            <line number="6" branch="false" hits="1"/>
            <line number="7" branch="false" hits="1"/>
            <line number="8" branch="false" hits="1"/>
            <line number="9" branch="false" hits="2"/>
            <line number="10" branch="false" hits="2"/>
            <line number="12" branch="false" hits="1"/>
            <line number="14" branch="false" hits="1"/>
            <line number="17" branch="false" hits="1"/>
            <line number="18" branch="false" hits="0"/>
          </lines>
        </class>
        <class name="message" filename="lib/passage/message.rb" line-rate="1.0" branch-rate="0" complexity="0">
          <methods/>
          <lines>
            <line number="4" branch="false" hits="1"/>
            <line number="6" branch="false" hits="1"/>
            <line number="7" branch="false" hits="1"/>
            <line number="8" branch="false" hits="1"/>
            <line number="9" branch="false" hits="2"/>
            <line number="12" branch="false" hits="1"/>
            <line number="13" branch="false" hits="1"/>
            <line number="19" branch="false" hits="1"/>
            <line number="20" branch="false" hits="1"/>
            <line number="21" branch="false" hits="1"/>
            <line number="22" branch="false" hits="1"/>
            <line number="25" branch="false" hits="1"/>
            <line number="26" branch="false" hits="3"/>
            <line number="29" branch="false" hits="1"/>
            <line number="30" branch="false" hits="1"/>
            <line number="33" branch="false" hits="1"/>
            <line number="34" branch="false" hits="1"/>
          </lines>
        </class>
        <class name="point" filename="lib/passage/point.rb" line-rate="1.0" branch-rate="0" complexity="0">
          <methods/>
          <lines>
            <line number="4" branch="false" hits="1"/>
            <line number="5" branch="false" hits="1"/>
            <line number="7" branch="false" hits="1"/>
            <line number="8" branch="false" hits="33"/>
            <line number="9" branch="false" hits="33"/>
            <line number="12" branch="false" hits="1"/>
            <line number="13" branch="false" hits="4"/>
            <line number="14" branch="false" hits="13"/>
            <line number="15" branch="false" hits="2"/>
            <line number="18" branch="false" hits="1"/>
            <line number="19" branch="false" hits="59"/>
            <line number="20" branch="false" hits="59"/>
            <line number="21" branch="false" hits="59"/>
            <line number="25" branch="false" hits="1"/>
            <line number="27" branch="false" hits="1"/>
            <line number="28" branch="false" hits="59"/>
            <line number="29" branch="false" hits="59"/>
          </lines>
        </class>
        <class name="polygon" filename="lib/passage/polygon.rb" line-rate="1.0" branch-rate="0" complexity="0">
          <methods/>
          <lines>
            <line number="4" branch="false" hits="1"/>
            <line number="5" branch="false" hits="1"/>
            <line number="6" branch="false" hits="1"/>
            <line number="8" branch="false" hits="1"/>
            <line number="9" branch="false" hits="4"/>
            <line number="10" branch="false" hits="4"/>
            <line number="11" branch="false" hits="4"/>
            <line number="14" branch="false" hits="1"/>
            <line number="15" branch="false" hits="2"/>
            <line number="16" branch="false" hits="3"/>
            <line number="18" branch="false" hits="1"/>
            <line number="21" branch="false" hits="1"/>
            <line number="23" branch="false" hits="1"/>
            <line number="24" branch="false" hits="4"/>
            <line number="25" branch="false" hits="4"/>
            <line number="26" branch="false" hits="4"/>
            <line number="29" branch="false" hits="1"/>
            <line number="30" branch="false" hits="16"/>
            <line number="31" branch="false" hits="39"/>
            <line number="32" branch="false" hits="12"/>
            <line number="33" branch="false" hits="12"/>
          </lines>
        </class>
        <class name="transmitter" filename="lib/passage/transmitter.rb" line-rate="1.0" branch-rate="0" complexity="0">
          <methods/>
          <lines>
            <line number="4" branch="false" hits="1"/>
            <line number="5" branch="false" hits="1"/>
            <line number="7" branch="false" hits="1"/>
            <line number="8" branch="false" hits="28"/>
            <line number="9" branch="false" hits="28"/>
            <line number="12" branch="false" hits="1"/>
            <line number="13" branch="false" hits="41"/>
          </lines>
        </class>
        <class name="message_spec" filename="spec/lib/passage/message_spec.rb" line-rate="1.0" branch-rate="0" complexity="0">
          <methods/>
          <lines>
            <line number="3" branch="false" hits="1"/>
            <line number="5" branch="false" hits="1"/>
            <line number="6" branch="false" hits="1"/>
            <line number="7" branch="false" hits="1"/>
            <line number="8" branch="false" hits="1"/>
            <line number="9" branch="false" hits="1"/>
            <line number="14" branch="false" hits="1"/>
            <line number="15" branch="false" hits="1"/>
            <line number="16" branch="false" hits="1"/>
            <line number="22" branch="false" hits="1"/>
            <line number="23" branch="false" hits="1"/>
            <line number="24" branch="false" hits="1"/>
            <line number="25" branch="false" hits="1"/>
            <line number="30" branch="false" hits="1"/>
            <line number="31" branch="false" hits="1"/>
            <line number="32" branch="false" hits="1"/>
            <line number="37" branch="false" hits="1"/>
            <line number="38" branch="false" hits="1"/>
            <line number="39" branch="false" hits="1"/>
            <line number="44" branch="false" hits="1"/>
            <line number="45" branch="false" hits="1"/>
            <line number="46" branch="false" hits="3"/>
            <line number="47" branch="false" hits="3"/>
          </lines>
        </class>
        <class name="point_spec" filename="spec/lib/passage/point_spec.rb" line-rate="1.0" branch-rate="0" complexity="0">
          <methods/>
          <lines>
            <line number="3" branch="false" hits="1"/>
            <line number="5" branch="false" hits="1"/>
            <line number="6" branch="false" hits="3"/>
            <line number="8" branch="false" hits="1"/>
            <line number="9" branch="false" hits="2"/>
            <line number="11" branch="false" hits="2"/>
            <line number="14" branch="false" hits="1"/>
            <line number="15" branch="false" hits="2"/>
            <line number="16" branch="false" hits="1"/>
            <line number="17" branch="false" hits="1"/>
            <line number="20" branch="false" hits="1"/>
            <line number="21" branch="false" hits="1"/>
            <line number="22" branch="false" hits="1"/>
            <line number="23" branch="false" hits="1"/>
          </lines>
        </class>
        <class name="polygon_spec" filename="spec/lib/passage/polygon_spec.rb" line-rate="1.0" branch-rate="0" complexity="0">
          <methods/>
          <lines>
            <line number="3" branch="false" hits="1"/>
            <line number="5" branch="false" hits="1"/>
            <line number="6" branch="false" hits="3"/>
            <line number="8" branch="false" hits="3"/>
            <line number="10" branch="false" hits="1"/>
            <line number="11" branch="false" hits="1"/>
            <line number="12" branch="false" hits="1"/>
            <line number="13" branch="false" hits="5"/>
            <line number="17" branch="false" hits="1"/>
            <line number="18" branch="false" hits="1"/>
            <line number="19" branch="false" hits="1"/>
            <line number="23" branch="false" hits="1"/>
            <line number="24" branch="false" hits="1"/>
            <line number="34" branch="false" hits="1"/>
            <line number="35" branch="false" hits="1"/>
          </lines>
        </class>
        <class name="transmitter_spec" filename="spec/lib/passage/transmitter_spec.rb" line-rate="1.0" branch-rate="0" complexity="0">
          <methods/>
          <lines>
            <line number="3" branch="false" hits="1"/>
            <line number="5" branch="false" hits="1"/>
            <line number="6" branch="false" hits="1"/>
            <line number="7" branch="false" hits="2"/>
            <line number="9" branch="false" hits="1"/>
            <line number="10" branch="false" hits="1"/>
            <line number="12" branch="false" hits="1"/>
            <line number="13" branch="false" hits="1"/>
            <line number="16" branch="false" hits="1"/>
            <line number="17" branch="false" hits="1"/>
            <line number="18" branch="false" hits="2"/>
            <line number="21" branch="false" hits="1"/>
            <line number="22" branch="false" hits="2"/>
          </lines>
        </class>
        <class name="passage_spec" filename="spec/lib/passage_spec.rb" line-rate="0.89" branch-rate="0" complexity="0">
          <methods/>
          <lines>
            <line number="3" branch="false" hits="1"/>
            <line number="5" branch="false" hits="1"/>
            <line number="6" branch="false" hits="2"/>
            <line number="7" branch="false" hits="2"/>
            <line number="9" branch="false" hits="1"/>
            <line number="10" branch="false" hits="1"/>
            <line number="11" branch="false" hits="1"/>
            <line number="12" branch="false" hits="1"/>
            <line number="13" branch="false" hits="1"/>
            <line number="16" branch="false" hits="1"/>
            <line number="17" branch="false" hits="1"/>
            <line number="19" branch="false" hits="1"/>
            <line number="24" branch="false" hits="1"/>
            <line number="25" branch="false" hits="1"/>
            <line number="29" branch="false" hits="1"/>
            <line number="30" branch="false" hits="1"/>
            <line number="32" branch="false" hits="0"/>
            <line number="37" branch="false" hits="1"/>
            <line number="38" branch="false" hits="0"/>
          </lines>
        </class>
        <class name="transmitters_fixture" filename="spec/support/transmitters_fixture.rb" line-rate="1.0" branch-rate="0" complexity="0">
          <methods/>
          <lines>
            <line number="3" branch="false" hits="1"/>
            <line number="4" branch="false" hits="1"/>
            <line number="5" branch="false" hits="1"/>
            <line number="7" branch="false" hits="4"/>
            <line number="13" branch="false" hits="24"/>
          </lines>
        </class>
      </classes>
    </package>
  </packages>
</coverage>